<?xml version="1.0" encoding="UTF-8"?>
<testsuite xmlns:xsi="http://www.w3.org/2001/XMLSchema-instance" xsi:noNamespaceSchemaLocation="https://maven.apache.org/surefire/maven-surefire-plugin/xsd/surefire-test-report-3.0.xsd" version="3.0" name="SolutionTest" time="0.034" tests="5" errors="0" skipped="0" failures="0">
  <properties>
[...]
</properties>
  <testcase name="testAllZeros" classname="SolutionTest" time="0.018"/>
  <testcase name="testTooLongInput" classname="SolutionTest" time="0.002"/>
  <testcase name="testMultipleValidPartitions" classname="SolutionTest" time="0.001"/>
  <testcase name="testTypicalValidInput" classname="SolutionTest" time="0"/>
  <testcase name="testTooShortInput" classname="SolutionTest" time="0"/>
</testsuite>